{"logLevel":"debug","message":"multithreading is set to false"}
{"logLevel":"debug","message":"Using reflection to scan dependencies for gauge implementations..."}
log4j:WARN No appenders could be found for logger (io.grpc.netty.shaded.io.netty.util.internal.logging.InternalLoggerFactory).
log4j:WARN Please initialize the log4j system properly.
log4j:WARN See http://logging.apache.org/log4j/1.2/faq.html#noconfig for more info.
{"logLevel":"debug","message":"gauge-java took 1339milliseconds to load and scan. This should be less than 'runner_connection_timeout' config value."}
{"logLevel":"debug","message":"run 'gauge config runner_connection_timeout' and verify that it is < 1339"}
{"logLevel":"debug","message":"starting gRPC server..."}
{"logLevel":"debug","message":"started gRPC server on port 55640"}
{"logLevel":"info","message":"Listening on port:55640"}
{"logLevel":"debug","message":"Scanning packages for steps"}
{"logLevel":"debug","message":"Comparing 'StepImp.waitForsecond' and 'StepImp.waitForsecond'"}
{"logLevel":"debug","message":"Found {} saniye kadar bekle in current project scope."}
{"logLevel":"debug","message":"Comparing 'StepImp.sendKeysByid' and 'StepImp.sendKeysByid'"}
{"logLevel":"debug","message":"Found {} 'li elemente {} Degeri girilir in current project scope."}
{"logLevel":"debug","message":"Comparing 'StepImp.clickByxpath' and 'StepImp.clickByxpath'"}
{"logLevel":"debug","message":"Found {} Xpath verilen elementi bul ve tıkla in current project scope."}
{"logLevel":"debug","message":"Comparing 'StepImp.sendKeysbyXpath' and 'StepImp.sendKeysbyXpath'"}
{"logLevel":"debug","message":"Found {} Xpath verilen elementi bul ve {} değerini yaz in current project scope."}
{"logLevel":"debug","message":"Comparing 'StepImp.clickByid' and 'StepImp.clickByid'"}
{"logLevel":"debug","message":"Found {} id verilen elementi bul ve tıkla in current project scope."}
{"logLevel":"debug","message":"Comparing 'StepImp.randomTikla' and 'StepImp.randomTikla'"}
{"logLevel":"debug","message":"Found {} Rastgele elemente tiklar in current project scope."}
{"logLevel":"debug","message":"Scanning packages for hooks"}
{"logLevel":"debug","message":"Scanned steps (using static parsing + reflections): "}
{"logLevel":"debug","message":"\t{} 'li elemente {} Degeri girilir : public void sendKeysByid(String key, String text) throws InterruptedException"}
{"logLevel":"debug","message":"\t{} Rastgele elemente tiklar : public void randomTikla(String key) throws InterruptedException"}
{"logLevel":"debug","message":"\t{} Xpath verilen elementi bul ve {} değerini yaz : public void sendKeysbyXpath(String xpath, String text) throws InterruptedException"}
{"logLevel":"debug","message":"\t{} saniye kadar bekle : public void waitForsecond(ınt second) throws InterruptedException"}
{"logLevel":"debug","message":"\t{} id verilen elementi bul ve tıkla : public void clickByid(String id)"}
{"logLevel":"debug","message":"\t{} Xpath verilen elementi bul ve tıkla : public void clickByxpath(String xpath) throws InterruptedException"}
Haz 17, 2022 1:41:48 PM org.openqa.selenium.remote.DesiredCapabilities chrome
INFO: Using `new ChromeOptions()` is preferred to `DesiredCapabilities.chrome()`
Starting ChromeDriver 101.0.4951.41 (93c720db8323b3ec10d056025ab95c23a31997c9-refs/branch-heads/4951@{#904}) on port 40066
Only local connections are allowed.
Please see https://chromedriver.chromium.org/security-considerations for suggestions on keeping ChromeDriver safe.
ChromeDriver was started successfully.
[1655462509.600][WARNING]: This version of ChromeDriver has not been tested with Chrome version 102.
Haz 17, 2022 1:41:49 PM org.openqa.selenium.remote.ProtocolHandshake createSession
INFO: Detected dialect: W3C
{"logLevel":"debug","message":"Executing '{} Xpath verilen elementi bul ve tıkla' using 'class StepImp.clickByxpath"}
{"logLevel":"debug","message":"Executing '{} 'li elemente {} Degeri girilir' using 'class StepImp.sendKeysByid"}
org.openqa.selenium.NoSuchElementException: no such element: Unable to locate element: {"method":"css selector","selector":"#login\-username"}
  (Session info: chrome=102.0.5005.115)
For documentation on this error, please visit: https://www.seleniumhq.org/exceptions/no_such_element.html
Build info: version: '3.141.59', revision: 'e82be7d358', time: '2018-11-14T08:17:03'
System info: host: 'DESKTOP-MBTMPQL', ip: '10.135.32.16', os.name: 'Windows 10', os.arch: 'amd64', os.version: '10.0', java.version: '1.8.0_281'
Driver info: org.openqa.selenium.chrome.ChromeDriver
Capabilities {acceptInsecureCerts: false, browserName: chrome, browserVersion: 102.0.5005.115, chrome: {chromedriverVersion: 101.0.4951.41 (93c720db8323..., userDataDir: C:\Users\TESTIN~1\AppData\L...}, goog:chromeOptions: {debuggerAddress: localhost:55650}, javascriptEnabled: true, networkConnectionEnabled: false, pageLoadStrategy: normal, platform: WINDOWS, platformName: WINDOWS, proxy: Proxy(), setWindowRect: true, strictFileInteractability: false, timeouts: {implicit: 0, pageLoad: 300000, script: 30000}, unhandledPromptBehavior: dismiss and notify, webauthn:extension:credBlob: true, webauthn:extension:largeBlob: true, webauthn:virtualAuthenticators: true}
Session ID: 05535a369d7f20a77b0ade4ee94012fc
*** Element info: {Using=id, value=login-username}
{"logLevel":"debug","message":"Executing '{} 'li elemente {} Degeri girilir' using 'class StepImp.sendKeysByid"}
{"logLevel":"debug","message":"Executing '{} id verilen elementi bul ve tıkla' using 'class StepImp.clickByid"}
{"logLevel":"debug","message":"Executing '{} Xpath verilen elementi bul ve tıkla' using 'class StepImp.clickByxpath"}
org.openqa.selenium.NoSuchElementException: no such element: Unable to locate element: {"method":"xpath","selector":"//*[@class='IPVjkkhh06nan7aZK7Bx']"}
  (Session info: chrome=102.0.5005.115)
For documentation on this error, please visit: https://www.seleniumhq.org/exceptions/no_such_element.html
Build info: version: '3.141.59', revision: 'e82be7d358', time: '2018-11-14T08:17:03'
System info: host: 'DESKTOP-MBTMPQL', ip: '10.135.32.16', os.name: 'Windows 10', os.arch: 'amd64', os.version: '10.0', java.version: '1.8.0_281'
Driver info: org.openqa.selenium.chrome.ChromeDriver
Capabilities {acceptInsecureCerts: false, browserName: chrome, browserVersion: 102.0.5005.115, chrome: {chromedriverVersion: 101.0.4951.41 (93c720db8323..., userDataDir: C:\Users\TESTIN~1\AppData\L...}, goog:chromeOptions: {debuggerAddress: localhost:55650}, javascriptEnabled: true, networkConnectionEnabled: false, pageLoadStrategy: normal, platform: WINDOWS, platformName: WINDOWS, proxy: Proxy(), setWindowRect: true, strictFileInteractability: false, timeouts: {implicit: 0, pageLoad: 300000, script: 30000}, unhandledPromptBehavior: dismiss and notify, webauthn:extension:credBlob: true, webauthn:extension:largeBlob: true, webauthn:virtualAuthenticators: true}
Session ID: 05535a369d7f20a77b0ade4ee94012fc
*** Element info: {Using=xpath, value=//*[@class='IPVjkkhh06nan7aZK7Bx']}
{"logLevel":"debug","message":"Executing '{} Xpath verilen elementi bul ve tıkla' using 'class StepImp.clickByxpath"}
org.openqa.selenium.NoSuchElementException: no such element: Unable to locate element: {"method":"xpath","selector":"//*[@class='rEN7ncpaUeSGL9z0NGQR']"}
  (Session info: chrome=102.0.5005.115)
For documentation on this error, please visit: https://www.seleniumhq.org/exceptions/no_such_element.html
Build info: version: '3.141.59', revision: 'e82be7d358', time: '2018-11-14T08:17:03'
System info: host: 'DESKTOP-MBTMPQL', ip: '10.135.32.16', os.name: 'Windows 10', os.arch: 'amd64', os.version: '10.0', java.version: '1.8.0_281'
Driver info: org.openqa.selenium.chrome.ChromeDriver
Capabilities {acceptInsecureCerts: false, browserName: chrome, browserVersion: 102.0.5005.115, chrome: {chromedriverVersion: 101.0.4951.41 (93c720db8323..., userDataDir: C:\Users\TESTIN~1\AppData\L...}, goog:chromeOptions: {debuggerAddress: localhost:55650}, javascriptEnabled: true, networkConnectionEnabled: false, pageLoadStrategy: normal, platform: WINDOWS, platformName: WINDOWS, proxy: Proxy(), setWindowRect: true, strictFileInteractability: false, timeouts: {implicit: 0, pageLoad: 300000, script: 30000}, unhandledPromptBehavior: dismiss and notify, webauthn:extension:credBlob: true, webauthn:extension:largeBlob: true, webauthn:virtualAuthenticators: true}
Session ID: 05535a369d7f20a77b0ade4ee94012fc
*** Element info: {Using=xpath, value=//*[@class='rEN7ncpaUeSGL9z0NGQR']}
{"logLevel":"debug","message":"Executing '{} Xpath verilen elementi bul ve {} değerini yaz' using 'class StepImp.sendKeysbyXpath"}
{"logLevel":"debug","message":"Executing '{} Xpath verilen elementi bul ve tıkla' using 'class StepImp.clickByxpath"}
{"logLevel":"debug","message":"Executing '{} Rastgele elemente tiklar' using 'class StepImp.randomTikla"}
{"logLevel":"debug","message":"Executing '{} Rastgele elemente tiklar' using 'class StepImp.randomTikla"}
{"logLevel":"debug","message":"Executing '{} Xpath verilen elementi bul ve tıkla' using 'class StepImp.clickByxpath"}
org.openqa.selenium.NoSuchElementException: no such element: Unable to locate element: {"method":"xpath","selector":"//*[@class='ButtonInner-sc-14ud5tc-0 gHYQaG encore-bright-accent-set']"}
  (Session info: chrome=102.0.5005.115)
For documentation on this error, please visit: https://www.seleniumhq.org/exceptions/no_such_element.html
Build info: version: '3.141.59', revision: 'e82be7d358', time: '2018-11-14T08:17:03'
System info: host: 'DESKTOP-MBTMPQL', ip: '10.135.32.16', os.name: 'Windows 10', os.arch: 'amd64', os.version: '10.0', java.version: '1.8.0_281'
Driver info: org.openqa.selenium.chrome.ChromeDriver
Capabilities {acceptInsecureCerts: false, browserName: chrome, browserVersion: 102.0.5005.115, chrome: {chromedriverVersion: 101.0.4951.41 (93c720db8323..., userDataDir: C:\Users\TESTIN~1\AppData\L...}, goog:chromeOptions: {debuggerAddress: localhost:55650}, javascriptEnabled: true, networkConnectionEnabled: false, pageLoadStrategy: normal, platform: WINDOWS, platformName: WINDOWS, proxy: Proxy(), setWindowRect: true, strictFileInteractability: false, timeouts: {implicit: 0, pageLoad: 300000, script: 30000}, unhandledPromptBehavior: dismiss and notify, webauthn:extension:credBlob: true, webauthn:extension:largeBlob: true, webauthn:virtualAuthenticators: true}
Session ID: 05535a369d7f20a77b0ade4ee94012fc
*** Element info: {Using=xpath, value=//*[@class='ButtonInner-sc-14ud5tc-0 gHYQaG encore-bright-accent-set']}
{"logLevel":"debug","message":"Executing '{} saniye kadar bekle' using 'class StepImp.waitForsecond"}
{"logLevel":"debug","message":"Executing '{} Xpath verilen elementi bul ve tıkla' using 'class StepImp.clickByxpath"}
{"logLevel":"debug","message":"Executing '{} Xpath verilen elementi bul ve tıkla' using 'class StepImp.clickByxpath"}
{"logLevel":"debug","message":"Executing '{} saniye kadar bekle' using 'class StepImp.waitForsecond"}
{"logLevel":"debug","message":"Executing '{} Xpath verilen elementi bul ve tıkla' using 'class StepImp.clickByxpath"}
{"logLevel":"debug","message":"Executing '{} Xpath verilen elementi bul ve tıkla' using 'class StepImp.clickByxpath"}
{"logLevel":"debug","message":"Executing '{} Xpath verilen elementi bul ve tıkla' using 'class StepImp.clickByxpath"}
org.openqa.selenium.NoSuchElementException: no such element: Unable to locate element: {"method":"xpath","selector":"(//button[@class='T0anrkk_QA4IAQL29get mYN_ST1TsDdC6q1k1_xs'])[1]"}
  (Session info: chrome=102.0.5005.115)
For documentation on this error, please visit: https://www.seleniumhq.org/exceptions/no_such_element.html
Build info: version: '3.141.59', revision: 'e82be7d358', time: '2018-11-14T08:17:03'
System info: host: 'DESKTOP-MBTMPQL', ip: '10.135.32.16', os.name: 'Windows 10', os.arch: 'amd64', os.version: '10.0', java.version: '1.8.0_281'
Driver info: org.openqa.selenium.chrome.ChromeDriver
Capabilities {acceptInsecureCerts: false, browserName: chrome, browserVersion: 102.0.5005.115, chrome: {chromedriverVersion: 101.0.4951.41 (93c720db8323..., userDataDir: C:\Users\TESTIN~1\AppData\L...}, goog:chromeOptions: {debuggerAddress: localhost:55650}, javascriptEnabled: true, networkConnectionEnabled: false, pageLoadStrategy: normal, platform: WINDOWS, platformName: WINDOWS, proxy: Proxy(), setWindowRect: true, strictFileInteractability: false, timeouts: {implicit: 0, pageLoad: 300000, script: 30000}, unhandledPromptBehavior: dismiss and notify, webauthn:extension:credBlob: true, webauthn:extension:largeBlob: true, webauthn:virtualAuthenticators: true}
Session ID: 05535a369d7f20a77b0ade4ee94012fc
*** Element info: {Using=xpath, value=(//button[@class='T0anrkk_QA4IAQL29get mYN_ST1TsDdC6q1k1_xs'])[1]}
{"logLevel":"debug","message":"Executing '{} Xpath verilen elementi bul ve tıkla' using 'class StepImp.clickByxpath"}
{"logLevel":"debug","message":"Executing '{} Xpath verilen elementi bul ve tıkla' using 'class StepImp.clickByxpath"}
{"logLevel":"debug","message":"Executing '{} saniye kadar bekle' using 'class StepImp.waitForsecond"}
{"logLevel":"debug","message":"Executing '{} Xpath verilen elementi bul ve tıkla' using 'class StepImp.clickByxpath"}
{"logLevel":"debug","message":"Executing '{} Xpath verilen elementi bul ve tıkla' using 'class StepImp.clickByxpath"}
{"logLevel":"debug","message":"Executing '{} Xpath verilen elementi bul ve tıkla' using 'class StepImp.clickByxpath"}
{"logLevel":"debug","message":"Executing '{} Xpath verilen elementi bul ve tıkla' using 'class StepImp.clickByxpath"}
{"logLevel":"debug","message":"Executing '{} Xpath verilen elementi bul ve tıkla' using 'class StepImp.clickByxpath"}
{"logLevel":"debug","message":"Executing '{} saniye kadar bekle' using 'class StepImp.waitForsecond"}
{"logLevel":"debug","message":"Killing Java runner..."}
{"logLevel":"debug","message":"Stopping execution pool..."}
{"logLevel":"debug","message":"Shutting down grpc server..."}
{"logLevel":"debug","message":"Runner killed gracefully."}
